<?xml version="1.0" encoding="UTF-8" ?>
<testsuite tests="15" failures="0" name="cn.slycmiaoxi.algotithms.OfferAlgotithmsTest" time="0.125" errors="0" skipped="0">
  <properties>
[...]
</properties>
  <testcase classname="cn.slycmiaoxi.algotithms.OfferAlgotithmsTest" name="testNumberOf1" time="0"/>
  <testcase classname="cn.slycmiaoxi.algotithms.OfferAlgotithmsTest" name="testCountnQuit" time="0"/>
  <testcase classname="cn.slycmiaoxi.algotithms.OfferAlgotithmsTest" name="testMoreThanHalfNum_Solution" time="0"/>
  <testcase classname="cn.slycmiaoxi.algotithms.OfferAlgotithmsTest" name="testFindKthToTail" time="0"/>
  <testcase classname="cn.slycmiaoxi.algotithms.OfferAlgotithmsTest" name="testMatch" time="0"/>
  <testcase classname="cn.slycmiaoxi.algotithms.OfferAlgotithmsTest" name="testMerge" time="0"/>
  <testcase classname="cn.slycmiaoxi.algotithms.OfferAlgotithmsTest" name="testPower" time="0"/>
  <testcase classname="cn.slycmiaoxi.algotithms.OfferAlgotithmsTest" name="testPrintFromTopToBottom" time="0"/>
  <testcase classname="cn.slycmiaoxi.algotithms.OfferAlgotithmsTest" name="testPrintMinNumber" time="0.109"/>
  <testcase classname="cn.slycmiaoxi.algotithms.OfferAlgotithmsTest" name="testReOrderArray" time="0"/>
  <testcase classname="cn.slycmiaoxi.algotithms.OfferAlgotithmsTest" name="testFirstNotRepeatingChar" time="0"/>
  <testcase classname="cn.slycmiaoxi.algotithms.OfferAlgotithmsTest" name="testGetLeastNumbers_Solution" time="0.016"/>
  <testcase classname="cn.slycmiaoxi.algotithms.OfferAlgotithmsTest" name="testPrintListFromTailToHead" time="0"/>
  <testcase classname="cn.slycmiaoxi.algotithms.OfferAlgotithmsTest" name="testReplaceSpace" time="0"/>
  <testcase classname="cn.slycmiaoxi.algotithms.OfferAlgotithmsTest" name="testMirror" time="0"/>
</testsuite>